<?xml version="1.0" encoding="UTF-8"?>
<!-- Generated by org.testng.reporters.JUnitXMLReporter -->
<testsuite ignored="0" hostname="LAPTOP-URC0MPI4" failures="3" tests="6" name="test" time="148.871" errors="0" timestamp="2023-06-19T13:34:06 IST">
  <testcase classname="demo.Amazon2" name="search" time="29.875"/>
  <testcase classname="demo.Amazon2" name="search" time="33.81"/>
  <testcase classname="demo.Amazon2" name="search" time="27.82"/>
  <testcase classname="demo.Amazon2" name="check" time="16.007">
    <failure type="java.lang.AssertionError" message="The following asserts failed:
	expected [true] but found [false],
	expected [true] but found [false],
	expected [true] but found [false],
	expected [true] but found [false]">
      <![CDATA[java.lang.AssertionError: The following asserts failed:
expected [true] but found [false],
expected [true] but found [false],
expected [true] but found [false],
expected [true] but found [false]
at demo.pageobject.OrderCheck.checkList(OrderCheck.java:47)
at demo.Amazon2.check(Amazon2.java:33)
at java.base/java.util.ArrayList.forEach(ArrayList.java:1511)
... Removed 27 stack frames]]>
    </failure>
  </testcase> <!-- check -->
  <testcase classname="demo.Amazon2" name="check" time="19.853">
    <failure type="java.lang.AssertionError" message="The following asserts failed:
	expected [true] but found [false],
	expected [true] but found [false],
	expected [true] but found [false],
	expected [true] but found [false],
	expected [true] but found [false]">
      <![CDATA[java.lang.AssertionError: The following asserts failed:
expected [true] but found [false],
expected [true] but found [false],
expected [true] but found [false],
expected [true] but found [false],
expected [true] but found [false]
at demo.pageobject.OrderCheck.checkList(OrderCheck.java:47)
at demo.Amazon2.check(Amazon2.java:33)
at java.base/java.util.ArrayList.forEach(ArrayList.java:1511)
... Removed 27 stack frames]]>
    </failure>
  </testcase> <!-- check -->
  <testcase classname="demo.Amazon2" name="check" time="19.128">
    <failure type="java.lang.AssertionError" message="The following asserts failed:
	expected [true] but found [false],
	expected [true] but found [false],
	expected [true] but found [false],
	expected [true] but found [false]">
      <![CDATA[java.lang.AssertionError: The following asserts failed:
expected [true] but found [false],
expected [true] but found [false],
expected [true] but found [false],
expected [true] but found [false]
at demo.pageobject.OrderCheck.checkList(OrderCheck.java:47)
at demo.Amazon2.check(Amazon2.java:33)
at java.base/java.util.ArrayList.forEach(ArrayList.java:1511)
... Removed 27 stack frames]]>
    </failure>
  </testcase> <!-- check -->
</testsuite> <!-- test -->
