<?xml version="1.0" encoding="UTF-8"?>
<!-- Generated by org.testng.reporters.JUnitXMLReporter -->
<testsuite ignored="0" hostname="LAPTOP-URC0MPI4" failures="1" tests="1" name="test2" time="7.359" errors="0" timestamp="2023-06-06T21:45:48 IST">
  <testcase classname="demo.ErrorValidation" name="search" time="7.096">
    <failure type="java.lang.AssertionError" message="The following asserts failed:
	expected [No results for asdafaugaeufh.
Try checking your spelling or use more general terms] but found [No results found]">
      <![CDATA[java.lang.AssertionError: The following asserts failed:
expected [No results for asdafaugaeufh.
Try checking your spelling or use more general terms] but found [No results found]
at demo.pageobject.SearchVerification.noItems(SearchVerification.java:50)
at demo.ErrorValidation.search(ErrorValidation.java:14)
at java.base/java.util.ArrayList.forEach(ArrayList.java:1511)
... Removed 27 stack frames]]>
    </failure>
  </testcase> <!-- search -->
</testsuite> <!-- test2 -->
