<?xml version="1.0" encoding="UTF-8"?>
<!-- Generated by org.testng.reporters.JUnitXMLReporter -->
<testsuite ignored="0" hostname="LAPTOP-URC0MPI4" failures="2" tests="2" name="test1" time="29.165" errors="0" timestamp="2023-06-06T21:45:41 IST">
  <testcase classname="demo.Amazon" name="check" time="15.345">
    <failure type="java.lang.AssertionError" message="The following asserts failed:
	expected [true] but found [false],
	expected [true] but found [false]">
      <![CDATA[java.lang.AssertionError: The following asserts failed:
expected [true] but found [false],
expected [true] but found [false]
at demo.pageobject.OrderCheck.checkList(OrderCheck.java:43)
at demo.Amazon.check(Amazon.java:32)
at java.base/java.util.ArrayList.forEach(ArrayList.java:1511)
... Removed 27 stack frames]]>
    </failure>
  </testcase> <!-- check -->
  <testcase classname="demo.Amazon" name="check" time="12.805">
    <failure type="java.lang.AssertionError" message="The following asserts failed:
	expected [true] but found [false],
	expected [true] but found [false]">
      <![CDATA[java.lang.AssertionError: The following asserts failed:
expected [true] but found [false],
expected [true] but found [false]
at demo.pageobject.OrderCheck.checkList(OrderCheck.java:43)
at demo.Amazon.check(Amazon.java:32)
at java.base/java.util.ArrayList.forEach(ArrayList.java:1511)
... Removed 27 stack frames]]>
    </failure>
  </testcase> <!-- check -->
</testsuite> <!-- test1 -->
