<?xml version="1.0" encoding="UTF-8"?>
<!-- Generated by org.testng.reporters.JUnitXMLReporter -->
<testsuite ignored="0" hostname="LAPTOP-URC0MPI4" failures="2" tests="4" name="test3" time="57.701" errors="0" timestamp="2023-06-06T21:46:46 IST">
  <testcase classname="demo.Amazon2" name="search" time="13.925">
    <failure type="java.util.NoSuchElementException">
      <![CDATA[java.util.NoSuchElementException
at java.base/java.util.LinkedHashMap$LinkedHashIterator.nextNode(LinkedHashMap.java:758)
at java.base/java.util.LinkedHashMap$LinkedKeyIterator.next(LinkedHashMap.java:778)
at demo.pageobject.Amazonsearch.buyProduct(Amazonsearch.java:87)
at demo.Amazon2.search(Amazon2.java:24)
at java.base/java.util.ArrayList.forEach(ArrayList.java:1511)
... Removed 25 stack frames]]>
    </failure>
  </testcase> <!-- search -->
  <testcase classname="demo.Amazon2" name="search" time="26.53"/>
  <testcase classname="demo.Amazon2" name="search" time="15.587">
    <failure type="java.util.NoSuchElementException">
      <![CDATA[java.util.NoSuchElementException
at java.base/java.util.LinkedHashMap$LinkedHashIterator.nextNode(LinkedHashMap.java:758)
at java.base/java.util.LinkedHashMap$LinkedKeyIterator.next(LinkedHashMap.java:778)
at demo.pageobject.Amazonsearch.buyProduct(Amazonsearch.java:87)
at demo.Amazon2.search(Amazon2.java:24)
at java.base/java.util.ArrayList.forEach(ArrayList.java:1511)
... Removed 25 stack frames]]>
    </failure>
  </testcase> <!-- search -->
  <testcase classname="demo.Amazon2" name="check" time="0.0">
    <skipped/>
  </testcase> <!-- check -->
</testsuite> <!-- test3 -->
