<?xml version="1.0" encoding="UTF-8"?>
<testng-results ignored="0" total="2" passed="2" failed="0" skipped="0">
  <reporter-output>
  </reporter-output>
  <suite started-at="2023-05-22T22:34:49 IST" name="Default suite" finished-at="2023-05-22T22:35:41 IST" duration-ms="52351">
    <groups>
    </groups>
    <test started-at="2023-05-22T22:34:49 IST" name="Default test" finished-at="2023-05-22T22:35:41 IST" duration-ms="52351">
      <class name="demo.Amazon">
        <test-method signature="search(java.util.HashMap)[pri:0, instance:demo.Amazon@18078bef]" started-at="2023-05-22T22:34:49 IST" name="search" data-provider="getValues" finished-at="2023-05-22T22:35:15 IST" duration-ms="25897" status="PASS">
          <params>
            <param index="0">
              <value>
                <![CDATA[{password=Shravank, searchText=mobiles, brandName=OnePlus Nord CE 3 Lite 5G, email=bshravankumar234@gmail.com}]]>
              </value>
            </param>
          </params>
          <reporter-output>
          </reporter-output>
        </test-method> <!-- search -->
        <test-method signature="search(java.util.HashMap)[pri:0, instance:demo.Amazon@18078bef]" started-at="2023-05-22T22:35:15 IST" name="search" data-provider="getValues" finished-at="2023-05-22T22:35:41 IST" duration-ms="26072" status="PASS">
          <params>
            <param index="0">
              <value>
                <![CDATA[{password=Shravank, searchText=earphones, brandName=boAt Bassheads 220, email=bshravankumar234@gmail.com}]]>
              </value>
            </param>
          </params>
          <reporter-output>
          </reporter-output>
        </test-method> <!-- search -->
      </class> <!-- demo.Amazon -->
    </test> <!-- Default test -->
  </suite> <!-- Default suite -->
</testng-results>
