<?xml version="1.0" encoding="UTF-8"?>
<testng-results ignored="0" total="2" passed="2" failed="0" skipped="0">
  <reporter-output>
  </reporter-output>
  <suite started-at="2023-06-19T14:02:12 IST" name="Default suite" finished-at="2023-06-19T14:04:02 IST" duration-ms="110645">
    <groups>
    </groups>
    <test started-at="2023-06-19T14:02:12 IST" name="Default test" finished-at="2023-06-19T14:04:02 IST" duration-ms="110645">
      <class name="demo.Amazon">
        <test-method signature="search(java.util.HashMap)[pri:0, instance:demo.Amazon@459e9125]" started-at="2023-06-19T14:02:12 IST" name="search" data-provider="getValues" finished-at="2023-06-19T14:03:00 IST" duration-ms="47827" status="PASS">
          <params>
            <param index="0">
              <value>
                <![CDATA[{password=Shravank, searchText=mobiles, brandName=OnePlus Nord CE 3 Lite 5G, email=bshravankumar234@gmail.com}]]>
              </value>
            </param>
          </params>
          <reporter-output>
          </reporter-output>
        </test-method> <!-- search -->
        <test-method signature="search(java.util.HashMap)[pri:0, instance:demo.Amazon@459e9125]" started-at="2023-06-19T14:03:00 IST" name="search" data-provider="getValues" finished-at="2023-06-19T14:04:02 IST" duration-ms="62381" status="PASS">
          <params>
            <param index="0">
              <value>
                <![CDATA[{password=Shravank, searchText=earphones, brandName=OnePlus Bullets Z2 Bluetooth Wireless, email=bshravankumar234@gmail.com}]]>
              </value>
            </param>
          </params>
          <reporter-output>
          </reporter-output>
        </test-method> <!-- search -->
      </class> <!-- demo.Amazon -->
    </test> <!-- Default test -->
  </suite> <!-- Default suite -->
</testng-results>
